INFO 2025-07-28 08:47:30,246 autoreload 60807 8320516672 Watching for file changes with StatReloader
WARNING 2025-07-28 08:48:42,308 log 60807 6124433408 Not Found: /marketplace/
WARNING 2025-07-28 08:48:42,311 basehttp 60807 6124433408 "GET /marketplace/ HTTP/1.1" 404 16880
INFO 2025-07-28 08:48:43,251 basehttp 60807 6141259776 "GET /static/debug_toolbar/js/toolbar.js HTTP/1.1" 200 14601
INFO 2025-07-28 08:48:43,252 basehttp 60807 6124433408 "GET /static/debug_toolbar/css/toolbar.css HTTP/1.1" 200 16675
INFO 2025-07-28 08:48:43,252 basehttp 60807 6158086144 "GET /static/debug_toolbar/css/print.css HTTP/1.1" 200 43
INFO 2025-07-28 08:48:43,290 basehttp 60807 6158086144 "GET /static/debug_toolbar/js/utils.js HTTP/1.1" 200 4742
WARNING 2025-07-28 08:48:43,420 log 60807 6158086144 Not Found: /favicon.ico
WARNING 2025-07-28 08:48:43,420 basehttp 60807 6158086144 "GET /favicon.ico HTTP/1.1" 404 16873
INFO 2025-07-28 09:01:17,033 autoreload 62646 8320516672 Watching for file changes with StatReloader
INFO 2025-07-28 09:20:30,023 autoreload 68705 8320516672 Watching for file changes with StatReloader
INFO 2025-07-28 09:30:59,834 basehttp 68705 6126563328 "OPTIONS /api/auth/register/ HTTP/1.1" 200 0
WARNING 2025-07-28 09:30:59,904 log 68705 6126563328 Not Found: /api/auth/register/
WARNING 2025-07-28 09:30:59,904 basehttp 68705 6126563328 "POST /api/auth/register/ HTTP/1.1" 404 16904
INFO 2025-07-28 09:33:35,399 autoreload 68705 8320516672 /Users/gie/Desktop/pofara-trustees-web-app/backend/pofara_trustees/accounts/views.py changed, reloading.
INFO 2025-07-28 09:33:35,958 autoreload 71539 8320516672 Watching for file changes with StatReloader
INFO 2025-07-28 09:33:51,735 autoreload 71539 8320516672 /Users/gie/Desktop/pofara-trustees-web-app/backend/pofara_trustees/accounts/urls.py changed, reloading.
INFO 2025-07-28 09:33:52,232 autoreload 71548 8320516672 Watching for file changes with StatReloader
WARNING 2025-07-28 09:34:38,679 log 71548 6168309760 Bad Request: /api/v1/auth/user/register/
WARNING 2025-07-28 09:34:38,680 basehttp 71548 6168309760 "POST /api/v1/auth/user/register/ HTTP/1.1" 400 204
INFO 2025-07-28 09:35:47,628 basehttp 71548 6168309760 "OPTIONS /api/v1/auth/token/ HTTP/1.1" 200 0
WARNING 2025-07-28 09:35:47,721 log 71548 6168309760 Bad Request: /api/v1/auth/token/
WARNING 2025-07-28 09:35:47,721 basehttp 71548 6168309760 "POST /api/v1/auth/token/ HTTP/1.1" 400 45
INFO 2025-07-28 09:36:20,021 basehttp 71548 6168309760 "OPTIONS /api/v1/auth/user/register/ HTTP/1.1" 200 0
INFO 2025-07-28 09:36:20,476 basehttp 71548 6168309760 "POST /api/v1/auth/user/register/ HTTP/1.1" 201 911
INFO 2025-07-28 09:45:58,169 basehttp 71548 6168309760 "OPTIONS /api/v1/auth/user/profile/ HTTP/1.1" 200 0
INFO 2025-07-28 09:45:58,171 basehttp 71548 6185136128 "OPTIONS /api/v1/auth/user/profile/ HTTP/1.1" 200 0
INFO 2025-07-28 09:45:58,203 basehttp 71548 6168309760 "GET /api/v1/auth/user/profile/ HTTP/1.1" 200 321
INFO 2025-07-28 09:45:58,212 basehttp 71548 6168309760 "GET /api/v1/auth/user/profile/ HTTP/1.1" 200 321
WARNING 2025-07-28 09:46:21,918 log 71548 6168309760 Unauthorized: /api/v1/auth/logout/
WARNING 2025-07-28 09:46:21,920 basehttp 71548 6168309760 "POST /api/v1/auth/logout/ HTTP/1.1" 401 58
INFO 2025-07-28 09:51:31,973 basehttp 71548 6168309760 "OPTIONS /api/v1/auth/user/register/ HTTP/1.1" 200 873
INFO 2025-07-28 09:53:06,553 basehttp 71548 6168309760 "POST /api/v1/auth/token/ HTTP/1.1" 200 911
WARNING 2025-07-28 09:53:55,959 log 71548 6168309760 Unauthorized: /api/v1/auth/logout/
WARNING 2025-07-28 09:53:55,962 basehttp 71548 6168309760 "POST /api/v1/auth/logout/ HTTP/1.1" 401 58
INFO 2025-07-29 05:39:03,437 autoreload 76682 8320516672 Watching for file changes with StatReloader
INFO 2025-07-29 05:39:20,775 basehttp 76682 6132838400 "POST /api/v1/auth/token/ HTTP/1.1" 200 911
WARNING 2025-07-29 05:40:06,195 log 76682 6132838400 Unauthorized: /api/v1/auth/logout/
WARNING 2025-07-29 05:40:06,196 basehttp 76682 6132838400 "POST /api/v1/auth/logout/ HTTP/1.1" 401 58
INFO 2025-07-29 05:48:21,037 basehttp 76682 6132838400 "POST /api/v1/auth/user/register/ HTTP/1.1" 201 923
INFO 2025-07-29 05:49:19,380 autoreload 76880 8320516672 Watching for file changes with StatReloader
INFO 2025-07-29 05:49:29,374 basehttp 76880 6189576192 "GET /api/v1/auth/user/profile/ HTTP/1.1" 200 333
INFO 2025-07-29 05:49:29,380 basehttp 76880 6189576192 "GET /api/v1/auth/user/profile/ HTTP/1.1" 200 333
WARNING 2025-07-29 05:49:30,083 log 76880 6189576192 Unauthorized: /api/v1/auth/logout/
WARNING 2025-07-29 05:49:30,083 basehttp 76880 6189576192 "POST /api/v1/auth/logout/ HTTP/1.1" 401 58
WARNING 2025-07-29 05:49:46,199 log 76880 6189576192 Bad Request: /api/v1/auth/user/register/
WARNING 2025-07-29 05:49:46,200 basehttp 76880 6189576192 "POST /api/v1/auth/user/register/ HTTP/1.1" 400 110
INFO 2025-07-29 05:49:57,049 basehttp 76880 6206402560 "POST /api/v1/auth/user/register/ HTTP/1.1" 201 923
INFO 2025-07-29 05:56:21,951 basehttp 76880 6189576192 "GET /api/v1/auth/user/profile/ HTTP/1.1" 200 333
INFO 2025-07-29 05:56:21,964 basehttp 76880 6189576192 "GET /api/v1/auth/user/profile/ HTTP/1.1" 200 333
WARNING 2025-07-29 06:01:33,053 log 76880 6189576192 Unauthorized: /api/v1/auth/logout/
WARNING 2025-07-29 06:01:33,054 basehttp 76880 6189576192 "POST /api/v1/auth/logout/ HTTP/1.1" 401 58
INFO 2025-07-29 07:27:17,999 basehttp 76880 6189576192 "OPTIONS /api/v1/auth/token/ HTTP/1.1" 200 0
INFO 2025-07-29 07:27:18,338 basehttp 76880 6189576192 "POST /api/v1/auth/token/ HTTP/1.1" 200 923
INFO 2025-07-29 07:30:10,183 autoreload 76880 8320516672 /Users/gie/Desktop/pofara-trustees-web-app/backend/pofara_trustees/projects/views.py changed, reloading.
INFO 2025-07-29 07:30:10,873 autoreload 79664 8320516672 Watching for file changes with StatReloader
INFO 2025-07-29 07:34:18,403 basehttp 79664 6341865472 "OPTIONS /api/v1/projects/ HTTP/1.1" 200 0
INFO 2025-07-29 07:34:18,407 basehttp 79664 6325039104 "OPTIONS /api/v1/projects/ HTTP/1.1" 200 0
INFO 2025-07-29 07:34:18,594 basehttp 79664 6325039104 "GET /api/v1/projects/ HTTP/1.1" 200 52
INFO 2025-07-29 07:34:18,606 basehttp 79664 6325039104 "GET /api/v1/projects/ HTTP/1.1" 200 52
INFO 2025-07-29 07:34:29,606 basehttp 79664 6325039104 "OPTIONS /api/v1/auth/user/profile/ HTTP/1.1" 200 0
INFO 2025-07-29 07:34:29,606 basehttp 79664 6341865472 "OPTIONS /api/v1/auth/user/profile/ HTTP/1.1" 200 0
INFO 2025-07-29 07:34:29,653 basehttp 79664 6325039104 "GET /api/v1/auth/user/profile/ HTTP/1.1" 200 333
INFO 2025-07-29 07:34:29,664 basehttp 79664 6325039104 "GET /api/v1/auth/user/profile/ HTTP/1.1" 200 333
WARNING 2025-07-29 07:34:35,144 log 79664 6325039104 Unauthorized: /api/v1/auth/logout/
INFO 2025-07-29 07:34:35,146 basehttp 79664 6325039104 - Broken pipe from ('127.0.0.1', 55549)
INFO 2025-07-29 07:34:37,731 basehttp 79664 6325039104 "POST /api/v1/auth/token/ HTTP/1.1" 200 923
INFO 2025-07-29 07:34:39,745 basehttp 79664 6325039104 "GET /api/v1/projects/ HTTP/1.1" 200 52
INFO 2025-07-29 07:34:39,761 basehttp 79664 6325039104 "GET /api/v1/projects/ HTTP/1.1" 200 52
INFO 2025-07-29 07:36:16,157 basehttp 79664 6325039104 "GET /api/v1/auth/user/profile/ HTTP/1.1" 200 333
INFO 2025-07-29 07:36:16,170 basehttp 79664 6325039104 "GET /api/v1/auth/user/profile/ HTTP/1.1" 200 333
INFO 2025-07-29 07:41:33,711 basehttp 79664 6325039104 "GET /api/v1/auth/user/profile/ HTTP/1.1" 200 333
INFO 2025-07-29 07:41:33,721 basehttp 79664 6325039104 "GET /api/v1/auth/user/profile/ HTTP/1.1" 200 333
INFO 2025-07-29 07:42:04,846 basehttp 79664 6325039104 "GET /api/v1/projects/ HTTP/1.1" 200 52
INFO 2025-07-29 07:42:04,862 basehttp 79664 6325039104 "GET /api/v1/projects/ HTTP/1.1" 200 52
INFO 2025-07-29 07:42:10,362 basehttp 79664 6325039104 "GET /api/v1/auth/user/profile/ HTTP/1.1" 200 333
INFO 2025-07-29 07:42:10,376 basehttp 79664 6325039104 "GET /api/v1/auth/user/profile/ HTTP/1.1" 200 333
INFO 2025-07-29 07:44:14,856 basehttp 79664 6325039104 "GET /api/v1/projects/ HTTP/1.1" 200 52
INFO 2025-07-29 07:44:14,866 basehttp 79664 6325039104 "GET /api/v1/projects/ HTTP/1.1" 200 52
INFO 2025-07-29 07:46:11,344 basehttp 79664 6325039104 "GET /api/v1/auth/user/profile/ HTTP/1.1" 200 333
INFO 2025-07-29 07:46:11,355 basehttp 79664 6325039104 "GET /api/v1/auth/user/profile/ HTTP/1.1" 200 333
INFO 2025-07-29 07:49:30,453 basehttp 79664 6325039104 "GET /api/v1/auth/user/profile/ HTTP/1.1" 200 333
INFO 2025-07-29 07:49:30,480 basehttp 79664 6325039104 "GET /api/v1/auth/user/profile/ HTTP/1.1" 200 333
INFO 2025-07-29 07:49:30,514 basehttp 79664 6325039104 "GET /api/v1/auth/user/profile/ HTTP/1.1" 200 333
INFO 2025-07-29 07:49:30,535 basehttp 79664 6325039104 "GET /api/v1/auth/user/profile/ HTTP/1.1" 200 333
WARNING 2025-07-29 07:52:02,118 log 79664 6325039104 Unauthorized: /api/v1/projects/
WARNING 2025-07-29 07:52:02,122 basehttp 79664 6325039104 "GET /api/v1/projects/ HTTP/1.1" 401 183
WARNING 2025-07-29 07:52:02,130 log 79664 6325039104 Unauthorized: /api/v1/projects/
WARNING 2025-07-29 07:52:02,131 basehttp 79664 6325039104 "GET /api/v1/projects/ HTTP/1.1" 401 183
INFO 2025-07-29 07:52:02,131 basehttp 79664 6341865472 "OPTIONS /api/v1/auth/token/refresh/ HTTP/1.1" 200 0
INFO 2025-07-29 07:52:02,152 basehttp 79664 6341865472 "POST /api/v1/auth/token/refresh/ HTTP/1.1" 200 290
INFO 2025-07-29 07:52:02,160 basehttp 79664 6325039104 "POST /api/v1/auth/token/refresh/ HTTP/1.1" 200 290
INFO 2025-07-29 07:52:02,181 basehttp 79664 6341865472 "GET /api/v1/projects/ HTTP/1.1" 200 52
INFO 2025-07-29 07:52:02,192 basehttp 79664 6341865472 "GET /api/v1/projects/ HTTP/1.1" 200 52
INFO 2025-07-29 07:52:12,448 basehttp 79664 6325039104 "GET /api/v1/auth/user/profile/ HTTP/1.1" 200 333
INFO 2025-07-29 07:52:12,459 basehttp 79664 6325039104 "GET /api/v1/auth/user/profile/ HTTP/1.1" 200 333
INFO 2025-07-29 07:52:12,473 basehttp 79664 6341865472 "GET /api/v1/projects/ HTTP/1.1" 200 52
INFO 2025-07-29 07:52:12,480 basehttp 79664 6341865472 "GET /api/v1/projects/ HTTP/1.1" 200 52
INFO 2025-07-29 07:52:27,960 basehttp 79664 6325039104 "GET /api/v1/auth/user/profile/ HTTP/1.1" 200 333
INFO 2025-07-29 07:52:27,968 basehttp 79664 6325039104 "GET /api/v1/auth/user/profile/ HTTP/1.1" 200 333
INFO 2025-07-29 07:52:30,830 basehttp 79664 6325039104 "GET /api/v1/projects/ HTTP/1.1" 200 52
INFO 2025-07-29 07:52:30,851 basehttp 79664 6325039104 "GET /api/v1/projects/ HTTP/1.1" 200 52
INFO 2025-07-29 07:52:32,800 basehttp 79664 6325039104 "GET /api/v1/auth/user/profile/ HTTP/1.1" 200 333
INFO 2025-07-29 07:52:32,808 basehttp 79664 6325039104 "GET /api/v1/auth/user/profile/ HTTP/1.1" 200 333
WARNING 2025-07-29 07:52:46,808 log 79664 6325039104 Unauthorized: /api/v1/projects/
WARNING 2025-07-29 07:52:46,809 basehttp 79664 6325039104 "GET /api/v1/projects/ HTTP/1.1" 401 58
INFO 2025-07-29 07:52:49,583 basehttp 79664 6325039104 "GET /api/v1/projects/ HTTP/1.1" 200 52
INFO 2025-07-29 07:52:49,603 basehttp 79664 6325039104 "GET /api/v1/projects/ HTTP/1.1" 200 52
INFO 2025-07-29 07:53:59,026 basehttp 79664 6325039104 "GET /api/v1/auth/user/profile/ HTTP/1.1" 200 333
INFO 2025-07-29 07:53:59,041 basehttp 79664 6325039104 "GET /api/v1/auth/user/profile/ HTTP/1.1" 200 333
INFO 2025-07-29 07:53:59,171 basehttp 79664 6325039104 "GET /api/v1/projects/ HTTP/1.1" 200 52
INFO 2025-07-29 07:53:59,181 basehttp 79664 6325039104 "GET /api/v1/projects/ HTTP/1.1" 200 52
WARNING 2025-07-29 07:54:17,225 log 79664 6325039104 Not Found: /api/v1/
WARNING 2025-07-29 07:54:17,226 basehttp 79664 6325039104 "GET /api/v1/ HTTP/1.1" 404 17953
WARNING 2025-07-29 07:54:25,434 log 79664 6325039104 Unauthorized: /api/v1/projects/
WARNING 2025-07-29 07:54:25,435 basehttp 79664 6325039104 "GET /api/v1/projects/ HTTP/1.1" 401 58
INFO 2025-07-29 07:54:51,748 basehttp 79664 6325039104 "GET /api/v1/auth/user/profile/ HTTP/1.1" 200 333
INFO 2025-07-29 07:54:51,769 basehttp 79664 6325039104 "GET /api/v1/auth/user/profile/ HTTP/1.1" 200 333
INFO 2025-07-29 07:54:51,787 basehttp 79664 6341865472 "GET /api/v1/projects/ HTTP/1.1" 200 52
INFO 2025-07-29 07:54:51,799 basehttp 79664 6341865472 "GET /api/v1/projects/ HTTP/1.1" 200 52
INFO 2025-07-29 07:54:55,195 basehttp 79664 6325039104 "GET /api/v1/auth/user/profile/ HTTP/1.1" 200 333
INFO 2025-07-29 07:54:55,208 basehttp 79664 6325039104 "GET /api/v1/auth/user/profile/ HTTP/1.1" 200 333
INFO 2025-07-29 07:54:55,415 basehttp 79664 6325039104 "GET /api/v1/projects/ HTTP/1.1" 200 52
INFO 2025-07-29 07:54:55,433 basehttp 79664 6325039104 "GET /api/v1/projects/ HTTP/1.1" 200 52
INFO 2025-07-29 07:54:57,885 basehttp 79664 6325039104 "GET /api/v1/auth/user/profile/ HTTP/1.1" 200 333
INFO 2025-07-29 07:54:57,895 basehttp 79664 6325039104 "GET /api/v1/auth/user/profile/ HTTP/1.1" 200 333
INFO 2025-07-29 07:55:24,695 basehttp 79664 6325039104 "OPTIONS /api/v1/auth/token/ HTTP/1.1" 200 0
INFO 2025-07-29 07:55:24,940 basehttp 79664 6325039104 "POST /api/v1/auth/token/ HTTP/1.1" 200 911
INFO 2025-07-29 07:55:27,830 basehttp 79664 6341865472 "OPTIONS /api/v1/projects/ HTTP/1.1" 200 0
INFO 2025-07-29 07:55:27,831 basehttp 79664 6325039104 "OPTIONS /api/v1/projects/ HTTP/1.1" 200 0
INFO 2025-07-29 07:55:27,873 basehttp 79664 6325039104 "GET /api/v1/projects/ HTTP/1.1" 200 52
INFO 2025-07-29 07:55:27,886 basehttp 79664 6325039104 "GET /api/v1/projects/ HTTP/1.1" 200 52
INFO 2025-07-29 07:55:44,060 basehttp 79664 6325039104 "OPTIONS /api/v1/auth/user/profile/ HTTP/1.1" 200 0
INFO 2025-07-29 07:55:44,061 basehttp 79664 6341865472 "OPTIONS /api/v1/auth/user/profile/ HTTP/1.1" 200 0
INFO 2025-07-29 07:55:44,101 basehttp 79664 6325039104 "GET /api/v1/auth/user/profile/ HTTP/1.1" 200 321
INFO 2025-07-29 07:55:44,117 basehttp 79664 6325039104 "GET /api/v1/auth/user/profile/ HTTP/1.1" 200 321
INFO 2025-07-29 07:55:44,197 basehttp 79664 6325039104 "GET /api/v1/auth/user/profile/ HTTP/1.1" 200 321
INFO 2025-07-29 07:55:44,205 basehttp 79664 6325039104 "GET /api/v1/auth/user/profile/ HTTP/1.1" 200 321
INFO 2025-07-29 07:55:44,411 basehttp 79664 6325039104 "GET /api/v1/auth/user/profile/ HTTP/1.1" 200 321
INFO 2025-07-29 07:55:44,420 basehttp 79664 6325039104 "GET /api/v1/auth/user/profile/ HTTP/1.1" 200 321
WARNING 2025-07-29 07:56:07,812 log 79664 6325039104 Bad Request: /api/v1/projects/
WARNING 2025-07-29 07:56:07,813 basehttp 79664 6325039104 "POST /api/v1/projects/ HTTP/1.1" 400 84
WARNING 2025-07-29 07:56:09,371 log 79664 6325039104 Bad Request: /api/v1/projects/
WARNING 2025-07-29 07:56:09,371 basehttp 79664 6325039104 "POST /api/v1/projects/ HTTP/1.1" 400 84
WARNING 2025-07-29 07:56:10,272 log 79664 6325039104 Bad Request: /api/v1/projects/
WARNING 2025-07-29 07:56:10,273 basehttp 79664 6325039104 "POST /api/v1/projects/ HTTP/1.1" 400 84
WARNING 2025-07-29 07:56:10,445 log 79664 6325039104 Bad Request: /api/v1/projects/
WARNING 2025-07-29 07:56:10,445 basehttp 79664 6325039104 "POST /api/v1/projects/ HTTP/1.1" 400 84
WARNING 2025-07-29 07:56:10,769 log 79664 6325039104 Bad Request: /api/v1/projects/
WARNING 2025-07-29 07:56:10,770 basehttp 79664 6325039104 "POST /api/v1/projects/ HTTP/1.1" 400 84
WARNING 2025-07-29 07:56:10,918 log 79664 6325039104 Bad Request: /api/v1/projects/
WARNING 2025-07-29 07:56:10,918 basehttp 79664 6325039104 "POST /api/v1/projects/ HTTP/1.1" 400 84
WARNING 2025-07-29 07:56:11,085 log 79664 6325039104 Bad Request: /api/v1/projects/
WARNING 2025-07-29 07:56:11,086 basehttp 79664 6325039104 "POST /api/v1/projects/ HTTP/1.1" 400 84
WARNING 2025-07-29 07:56:11,229 log 79664 6325039104 Bad Request: /api/v1/projects/
WARNING 2025-07-29 07:56:11,229 basehttp 79664 6325039104 "POST /api/v1/projects/ HTTP/1.1" 400 84
WARNING 2025-07-29 07:56:11,392 log 79664 6325039104 Bad Request: /api/v1/projects/
WARNING 2025-07-29 07:56:11,392 basehttp 79664 6325039104 "POST /api/v1/projects/ HTTP/1.1" 400 84
WARNING 2025-07-29 07:56:11,538 log 79664 6325039104 Bad Request: /api/v1/projects/
WARNING 2025-07-29 07:56:11,539 basehttp 79664 6325039104 "POST /api/v1/projects/ HTTP/1.1" 400 84
WARNING 2025-07-29 07:56:11,669 log 79664 6325039104 Bad Request: /api/v1/projects/
WARNING 2025-07-29 07:56:11,669 basehttp 79664 6325039104 "POST /api/v1/projects/ HTTP/1.1" 400 84
WARNING 2025-07-29 07:56:11,813 log 79664 6325039104 Bad Request: /api/v1/projects/
WARNING 2025-07-29 07:56:11,813 basehttp 79664 6325039104 "POST /api/v1/projects/ HTTP/1.1" 400 84
WARNING 2025-07-29 07:56:11,916 log 79664 6325039104 Bad Request: /api/v1/projects/
WARNING 2025-07-29 07:56:11,917 basehttp 79664 6325039104 "POST /api/v1/projects/ HTTP/1.1" 400 84
WARNING 2025-07-29 07:56:12,084 log 79664 6325039104 Bad Request: /api/v1/projects/
WARNING 2025-07-29 07:56:12,084 basehttp 79664 6325039104 "POST /api/v1/projects/ HTTP/1.1" 400 84
WARNING 2025-07-29 07:56:12,313 log 79664 6325039104 Bad Request: /api/v1/projects/
WARNING 2025-07-29 07:56:12,313 basehttp 79664 6325039104 "POST /api/v1/projects/ HTTP/1.1" 400 84
WARNING 2025-07-29 07:56:12,472 log 79664 6325039104 Bad Request: /api/v1/projects/
WARNING 2025-07-29 07:56:12,472 basehttp 79664 6325039104 "POST /api/v1/projects/ HTTP/1.1" 400 84
WARNING 2025-07-29 07:56:15,945 log 79664 6325039104 Bad Request: /api/v1/projects/
WARNING 2025-07-29 07:56:15,945 basehttp 79664 6325039104 "POST /api/v1/projects/ HTTP/1.1" 400 84
WARNING 2025-07-29 07:56:16,168 log 79664 6325039104 Bad Request: /api/v1/projects/
WARNING 2025-07-29 07:56:16,168 basehttp 79664 6325039104 "POST /api/v1/projects/ HTTP/1.1" 400 84
WARNING 2025-07-29 07:56:16,327 log 79664 6325039104 Bad Request: /api/v1/projects/
WARNING 2025-07-29 07:56:16,327 basehttp 79664 6325039104 "POST /api/v1/projects/ HTTP/1.1" 400 84
WARNING 2025-07-29 07:56:51,140 log 79664 6325039104 Unauthorized: /api/v1/projects/
WARNING 2025-07-29 07:56:51,141 basehttp 79664 6325039104 "POST /api/v1/projects/ HTTP/1.1" 401 58
INFO 2025-07-29 07:58:50,878 basehttp 79664 6325039104 "GET /api/v1/auth/user/profile/ HTTP/1.1" 200 321
INFO 2025-07-29 07:58:50,888 basehttp 79664 6325039104 "GET /api/v1/auth/user/profile/ HTTP/1.1" 200 321
INFO 2025-07-29 07:58:55,601 basehttp 79664 6325039104 "GET /api/v1/projects/ HTTP/1.1" 200 52
INFO 2025-07-29 07:58:55,615 basehttp 79664 6325039104 "GET /api/v1/projects/ HTTP/1.1" 200 52
INFO 2025-07-29 07:59:34,012 basehttp 79664 6325039104 "GET /api/v1/auth/user/profile/ HTTP/1.1" 200 321
INFO 2025-07-29 07:59:34,026 basehttp 79664 6325039104 "GET /api/v1/auth/user/profile/ HTTP/1.1" 200 321
INFO 2025-07-29 07:59:34,045 basehttp 79664 6325039104 "GET /api/v1/projects/ HTTP/1.1" 200 52
INFO 2025-07-29 07:59:34,053 basehttp 79664 6325039104 "GET /api/v1/projects/ HTTP/1.1" 200 52
INFO 2025-07-29 08:00:28,977 basehttp 79664 6325039104 "GET /api/v1/projects/ HTTP/1.1" 200 52
INFO 2025-07-29 08:00:28,989 basehttp 79664 6325039104 "GET /api/v1/projects/ HTTP/1.1" 200 52
INFO 2025-07-29 08:00:33,398 basehttp 79664 6325039104 "GET /api/v1/projects/ HTTP/1.1" 200 52
INFO 2025-07-29 08:00:33,418 basehttp 79664 6325039104 "GET /api/v1/projects/ HTTP/1.1" 200 52
INFO 2025-07-30 06:35:33,530 autoreload 85296 8320516672 Watching for file changes with StatReloader
INFO 2025-07-30 06:36:00,879 autoreload 85323 8320516672 Watching for file changes with StatReloader
INFO 2025-07-30 06:37:56,273 autoreload 85370 8320516672 Watching for file changes with StatReloader
WARNING 2025-07-30 06:38:17,258 log 85370 6196129792 Unauthorized: /api/v1/auth/user/profile/
WARNING 2025-07-30 06:38:17,258 basehttp 85370 6196129792 "GET /api/v1/auth/user/profile/ HTTP/1.1" 401 183
WARNING 2025-07-30 06:38:17,265 log 85370 6196129792 Unauthorized: /api/v1/auth/user/profile/
WARNING 2025-07-30 06:38:17,265 basehttp 85370 6196129792 "GET /api/v1/auth/user/profile/ HTTP/1.1" 401 183
INFO 2025-07-30 06:38:17,314 basehttp 85370 6212956160 "POST /api/v1/auth/token/refresh/ HTTP/1.1" 200 290
INFO 2025-07-30 06:38:17,332 basehttp 85370 6196129792 "POST /api/v1/auth/token/refresh/ HTTP/1.1" 200 290
INFO 2025-07-30 06:38:17,372 basehttp 85370 6212956160 "GET /api/v1/auth/user/profile/ HTTP/1.1" 200 333
INFO 2025-07-30 06:38:17,378 basehttp 85370 6212956160 "GET /api/v1/auth/user/profile/ HTTP/1.1" 200 333
INFO 2025-07-30 06:38:36,398 basehttp 85370 6196129792 "GET /api/v1/projects/ HTTP/1.1" 200 52
INFO 2025-07-30 06:38:36,409 basehttp 85370 6196129792 "GET /api/v1/projects/ HTTP/1.1" 200 52
WARNING 2025-07-30 06:38:42,657 log 85370 6196129792 Unauthorized: /api/v1/auth/logout/
WARNING 2025-07-30 06:38:42,658 basehttp 85370 6196129792 "POST /api/v1/auth/logout/ HTTP/1.1" 401 58
INFO 2025-07-30 06:38:45,805 basehttp 85370 6196129792 "POST /api/v1/auth/token/ HTTP/1.1" 200 923
INFO 2025-07-30 06:39:25,092 basehttp 85370 6196129792 "POST /api/v1/projects/ HTTP/1.1" 201 852
INFO 2025-07-30 06:39:25,140 basehttp 85370 6196129792 "GET /api/v1/projects/ HTTP/1.1" 200 617
INFO 2025-07-30 06:39:25,149 basehttp 85370 6196129792 "GET /api/v1/projects/ HTTP/1.1" 200 617
INFO 2025-07-30 06:41:09,278 basehttp 85370 6196129792 "GET /api/v1/auth/user/profile/ HTTP/1.1" 200 333
INFO 2025-07-30 06:41:09,291 basehttp 85370 6196129792 "GET /api/v1/auth/user/profile/ HTTP/1.1" 200 333
INFO 2025-07-30 06:44:36,784 basehttp 85370 6196129792 "GET /api/v1/auth/user/profile/ HTTP/1.1" 200 333
INFO 2025-07-30 06:44:36,794 basehttp 85370 6196129792 "GET /api/v1/auth/user/profile/ HTTP/1.1" 200 333
INFO 2025-07-30 06:49:20,909 basehttp 85370 6196129792 "POST /api/v1/projects/ HTTP/1.1" 201 824
INFO 2025-07-30 06:49:20,964 basehttp 85370 6196129792 "GET /api/v1/projects/ HTTP/1.1" 200 1167
INFO 2025-07-30 06:49:20,975 basehttp 85370 6196129792 "GET /api/v1/projects/ HTTP/1.1" 200 1167
INFO 2025-07-30 06:49:32,057 basehttp 85370 6196129792 "GET /api/v1/projects/ HTTP/1.1" 200 1167
INFO 2025-07-30 06:49:32,072 basehttp 85370 6196129792 "GET /api/v1/projects/ HTTP/1.1" 200 1167
INFO 2025-07-30 06:49:51,878 basehttp 85370 6196129792 "GET /api/v1/projects/ HTTP/1.1" 200 1167
INFO 2025-07-30 06:49:51,893 basehttp 85370 6196129792 "GET /api/v1/projects/ HTTP/1.1" 200 1167
INFO 2025-07-30 06:50:03,438 basehttp 85370 6196129792 "GET /api/v1/projects/ HTTP/1.1" 200 1167
INFO 2025-07-30 06:50:03,452 basehttp 85370 6196129792 "GET /api/v1/projects/ HTTP/1.1" 200 1167
INFO 2025-07-30 06:50:48,586 basehttp 85370 6196129792 "GET /api/v1/projects/ HTTP/1.1" 200 1167
INFO 2025-07-30 06:50:48,600 basehttp 85370 6196129792 "GET /api/v1/projects/ HTTP/1.1" 200 1167
INFO 2025-07-30 06:50:54,629 basehttp 85370 6196129792 "GET /api/v1/projects/ HTTP/1.1" 200 1167
INFO 2025-07-30 06:50:54,644 basehttp 85370 6196129792 "GET /api/v1/projects/ HTTP/1.1" 200 1167
INFO 2025-07-30 06:52:04,779 basehttp 85370 6196129792 "GET /api/v1/projects/ HTTP/1.1" 200 1167
INFO 2025-07-30 06:52:04,791 basehttp 85370 6196129792 "GET /api/v1/projects/ HTTP/1.1" 200 1167
INFO 2025-07-30 06:52:07,192 basehttp 85370 6196129792 "OPTIONS /api/v1/projects/NaN/ HTTP/1.1" 200 0
INFO 2025-07-30 06:52:07,192 basehttp 85370 6212956160 "OPTIONS /api/v1/projects/NaN/ HTTP/1.1" 200 0
WARNING 2025-07-30 06:52:07,218 log 85370 6196129792 Not Found: /api/v1/projects/NaN/
WARNING 2025-07-30 06:52:07,218 basehttp 85370 6196129792 "GET /api/v1/projects/NaN/ HTTP/1.1" 404 22458
WARNING 2025-07-30 06:52:07,229 log 85370 6212956160 Not Found: /api/v1/projects/NaN/
WARNING 2025-07-30 06:52:07,229 basehttp 85370 6212956160 "GET /api/v1/projects/NaN/ HTTP/1.1" 404 22456
INFO 2025-07-30 06:52:25,280 basehttp 85370 6196129792 "GET /api/v1/auth/user/profile/ HTTP/1.1" 200 333
INFO 2025-07-30 06:52:25,290 basehttp 85370 6196129792 "GET /api/v1/auth/user/profile/ HTTP/1.1" 200 333
WARNING 2025-07-30 06:52:25,315 log 85370 6196129792 Not Found: /api/v1/projects/NaN/
WARNING 2025-07-30 06:52:25,315 basehttp 85370 6196129792 "GET /api/v1/projects/NaN/ HTTP/1.1" 404 22456
WARNING 2025-07-30 06:52:25,334 log 85370 6196129792 Not Found: /api/v1/projects/NaN/
WARNING 2025-07-30 06:52:25,334 basehttp 85370 6196129792 "GET /api/v1/projects/NaN/ HTTP/1.1" 404 22457
INFO 2025-07-30 06:52:54,758 basehttp 85370 6196129792 "GET /api/v1/projects/ HTTP/1.1" 200 1167
INFO 2025-07-30 06:52:54,776 basehttp 85370 6196129792 "GET /api/v1/projects/ HTTP/1.1" 200 1167
WARNING 2025-07-30 06:53:46,839 log 85370 6196129792 Unauthorized: /api/v1/projects/
WARNING 2025-07-30 06:53:46,840 basehttp 85370 6196129792 "POST /api/v1/projects/ HTTP/1.1" 401 183
INFO 2025-07-30 06:53:46,850 basehttp 85370 6196129792 "POST /api/v1/auth/token/refresh/ HTTP/1.1" 200 290
INFO 2025-07-30 06:53:46,875 basehttp 85370 6196129792 "POST /api/v1/projects/ HTTP/1.1" 201 821
INFO 2025-07-30 06:53:46,930 basehttp 85370 6196129792 "GET /api/v1/projects/ HTTP/1.1" 200 1721
INFO 2025-07-30 06:53:46,938 basehttp 85370 6196129792 "GET /api/v1/projects/ HTTP/1.1" 200 1721
INFO 2025-07-30 06:54:03,156 basehttp 85370 6196129792 "GET /api/v1/auth/user/profile/ HTTP/1.1" 200 333
INFO 2025-07-30 06:54:03,164 basehttp 85370 6196129792 "GET /api/v1/auth/user/profile/ HTTP/1.1" 200 333
INFO 2025-07-30 06:54:03,173 basehttp 85370 6212956160 "GET /api/v1/projects/ HTTP/1.1" 200 1721
INFO 2025-07-30 06:54:03,183 basehttp 85370 6212956160 "GET /api/v1/projects/ HTTP/1.1" 200 1721
INFO 2025-07-30 06:54:14,355 basehttp 85370 6196129792 "OPTIONS /api/v1/projects/c03d4fd9-d33d-41d5-9bda-25d5c7235f58/ HTTP/1.1" 200 0
INFO 2025-07-30 06:54:14,356 basehttp 85370 6212956160 "OPTIONS /api/v1/projects/c03d4fd9-d33d-41d5-9bda-25d5c7235f58/ HTTP/1.1" 200 0
INFO 2025-07-30 06:54:14,419 basehttp 85370 6196129792 "GET /api/v1/projects/c03d4fd9-d33d-41d5-9bda-25d5c7235f58/ HTTP/1.1" 200 1396
INFO 2025-07-30 06:54:14,428 basehttp 85370 6196129792 "GET /api/v1/projects/c03d4fd9-d33d-41d5-9bda-25d5c7235f58/ HTTP/1.1" 200 1396
INFO 2025-07-30 06:54:16,456 basehttp 85370 6196129792 "GET /api/v1/auth/user/profile/ HTTP/1.1" 200 333
INFO 2025-07-30 06:54:16,464 basehttp 85370 6196129792 "GET /api/v1/auth/user/profile/ HTTP/1.1" 200 333
INFO 2025-07-30 06:54:16,491 basehttp 85370 6196129792 "GET /api/v1/projects/ HTTP/1.1" 200 1721
INFO 2025-07-30 06:54:16,500 basehttp 85370 6196129792 "GET /api/v1/projects/ HTTP/1.1" 200 1721
WARNING 2025-07-30 06:54:40,305 log 85370 6196129792 Unauthorized: /api/v1/auth/logout/
WARNING 2025-07-30 06:54:40,306 basehttp 85370 6196129792 "POST /api/v1/auth/logout/ HTTP/1.1" 401 58
INFO 2025-07-30 06:56:18,770 basehttp 85370 6196129792 "OPTIONS /api/v1/auth/token/ HTTP/1.1" 200 0
INFO 2025-07-30 06:56:19,013 basehttp 85370 6196129792 "POST /api/v1/auth/token/ HTTP/1.1" 200 923
INFO 2025-07-30 06:56:20,886 basehttp 85370 6196129792 "GET /api/v1/projects/ HTTP/1.1" 200 1721
INFO 2025-07-30 06:56:20,903 basehttp 85370 6196129792 "GET /api/v1/projects/ HTTP/1.1" 200 1721
INFO 2025-07-30 06:56:22,884 basehttp 85370 6196129792 "OPTIONS /api/v1/projects/5c82f6e9-6633-4753-aa08-8d5de9ab085b/ HTTP/1.1" 200 0
INFO 2025-07-30 06:56:22,884 basehttp 85370 6212956160 "OPTIONS /api/v1/projects/5c82f6e9-6633-4753-aa08-8d5de9ab085b/ HTTP/1.1" 200 0
INFO 2025-07-30 06:56:22,934 basehttp 85370 6212956160 "GET /api/v1/projects/5c82f6e9-6633-4753-aa08-8d5de9ab085b/ HTTP/1.1" 200 1394
INFO 2025-07-30 06:56:22,944 basehttp 85370 6212956160 "GET /api/v1/projects/5c82f6e9-6633-4753-aa08-8d5de9ab085b/ HTTP/1.1" 200 1394
INFO 2025-07-30 06:57:13,750 basehttp 85370 6196129792 "GET /api/v1/auth/user/profile/ HTTP/1.1" 200 333
INFO 2025-07-30 06:57:13,760 basehttp 85370 6196129792 "GET /api/v1/auth/user/profile/ HTTP/1.1" 200 333
INFO 2025-07-30 06:57:13,784 basehttp 85370 6196129792 "GET /api/v1/projects/5c82f6e9-6633-4753-aa08-8d5de9ab085b/ HTTP/1.1" 200 1394
INFO 2025-07-30 06:57:13,798 basehttp 85370 6196129792 "GET /api/v1/projects/5c82f6e9-6633-4753-aa08-8d5de9ab085b/ HTTP/1.1" 200 1394
INFO 2025-07-30 06:57:22,705 basehttp 85370 6196129792 "GET /api/v1/projects/5c82f6e9-6633-4753-aa08-8d5de9ab085b/ HTTP/1.1" 200 1394
INFO 2025-07-30 06:57:32,050 basehttp 85370 6196129792 "GET /api/v1/projects/5c82f6e9-6633-4753-aa08-8d5de9ab085b/ HTTP/1.1" 200 1394
INFO 2025-07-30 06:57:36,159 basehttp 85370 6196129792 "GET /api/v1/projects/5c82f6e9-6633-4753-aa08-8d5de9ab085b/ HTTP/1.1" 200 1394
INFO 2025-07-30 06:57:41,486 basehttp 85370 6196129792 "GET /api/v1/projects/5c82f6e9-6633-4753-aa08-8d5de9ab085b/ HTTP/1.1" 200 1394
INFO 2025-07-30 06:57:54,194 basehttp 85370 6196129792 "GET /api/v1/projects/5c82f6e9-6633-4753-aa08-8d5de9ab085b/ HTTP/1.1" 200 1394
INFO 2025-07-30 06:58:03,415 basehttp 85370 6196129792 "GET /api/v1/projects/5c82f6e9-6633-4753-aa08-8d5de9ab085b/ HTTP/1.1" 200 1394
INFO 2025-07-30 06:58:07,259 basehttp 85370 6196129792 "GET /api/v1/projects/5c82f6e9-6633-4753-aa08-8d5de9ab085b/ HTTP/1.1" 200 1394
INFO 2025-07-30 06:58:13,705 basehttp 85370 6196129792 "GET /api/v1/projects/5c82f6e9-6633-4753-aa08-8d5de9ab085b/ HTTP/1.1" 200 1394
INFO 2025-07-30 06:58:26,590 basehttp 85370 6196129792 "GET /api/v1/projects/ HTTP/1.1" 200 1721
INFO 2025-07-30 06:58:26,610 basehttp 85370 6196129792 "GET /api/v1/projects/ HTTP/1.1" 200 1721
INFO 2025-07-30 06:58:30,130 basehttp 85370 6196129792 "GET /api/v1/projects/c03d4fd9-d33d-41d5-9bda-25d5c7235f58/ HTTP/1.1" 200 1396
INFO 2025-07-30 06:58:30,142 basehttp 85370 6196129792 "GET /api/v1/projects/c03d4fd9-d33d-41d5-9bda-25d5c7235f58/ HTTP/1.1" 200 1396
INFO 2025-07-30 06:58:39,139 basehttp 85370 6196129792 "GET /api/v1/projects/ HTTP/1.1" 200 1721
INFO 2025-07-30 06:58:39,169 basehttp 85370 6196129792 "GET /api/v1/projects/ HTTP/1.1" 200 1721
INFO 2025-07-30 06:58:44,583 basehttp 85370 6196129792 "GET /api/v1/projects/5c82f6e9-6633-4753-aa08-8d5de9ab085b/ HTTP/1.1" 200 1394
INFO 2025-07-30 06:58:44,601 basehttp 85370 6196129792 "GET /api/v1/projects/5c82f6e9-6633-4753-aa08-8d5de9ab085b/ HTTP/1.1" 200 1394
INFO 2025-07-30 06:58:55,158 basehttp 85370 6196129792 "GET /api/v1/projects/ HTTP/1.1" 200 1721
INFO 2025-07-30 06:58:55,185 basehttp 85370 6196129792 "GET /api/v1/projects/ HTTP/1.1" 200 1721
INFO 2025-07-30 07:01:32,739 basehttp 85370 6196129792 "GET /api/v1/auth/user/profile/ HTTP/1.1" 200 333
INFO 2025-07-30 07:01:32,754 basehttp 85370 6196129792 "GET /api/v1/auth/user/profile/ HTTP/1.1" 200 333
INFO 2025-07-30 07:02:47,414 basehttp 85370 6212956160 "OPTIONS /api/v1/auth/user/profile/ HTTP/1.1" 200 0
INFO 2025-07-30 07:02:47,415 basehttp 85370 6196129792 "OPTIONS /api/v1/auth/user/profile/ HTTP/1.1" 200 0
INFO 2025-07-30 07:02:47,440 basehttp 85370 6196129792 "GET /api/v1/auth/user/profile/ HTTP/1.1" 200 333
INFO 2025-07-30 07:02:47,448 basehttp 85370 6196129792 "GET /api/v1/auth/user/profile/ HTTP/1.1" 200 333
